<?xml version="1.0" encoding="UTF-8"?>
<!-- Generated by org.testng.reporters.JUnitReportReporter -->
<testsuite hostname="INBASDPC05517" name="tests.US" tests="1" failures="0" timestamp="7 Jan 2020 07:38:21 GMT" time="83.322" errors="0">
  <testcase name="Checkout" time="83.322" classname="tests.US"/>
</testsuite> <!-- tests.US -->
