<?xml version="1.0" encoding="UTF-8"?>
<!-- Generated by org.testng.reporters.JUnitReportReporter -->
<testsuite skipped="0" hostname="INBASDPC06818" name="tests.US" tests="1" failures="0" timestamp="23 Oct 2019 10:03:21 GMT" time="25.623" errors="0">
  <testcase name="Product_Listing" time="25.623" classname="tests.US"/>
</testsuite> <!-- tests.US -->
