<?xml version="1.0" encoding="UTF-8"?>
<!-- Generated by org.testng.reporters.JUnitReportReporter -->
<testsuite hostname="INBASDPC05517" name="tests.TakeScreenShot" tests="1" failures="0" timestamp="3 Jan 2020 11:49:41 GMT" time="27.049" errors="0">
  <testcase name="TakeScreenShot" time="27.049" classname="tests.TakeScreenShot"/>
</testsuite> <!-- tests.TakeScreenShot -->
