<?xml version="1.0" encoding="UTF-8"?>
<!-- Generated by org.testng.reporters.JUnitReportReporter -->
<testsuite hostname="INBASDPC05517" name="tests.US" tests="1" failures="0" timestamp="7 Jan 2020 07:08:31 GMT" time="86.350" errors="0">
  <testcase name="Checkout" time="86.350" classname="tests.US"/>
</testsuite> <!-- tests.US -->
